[2024-01-29 06:38:23,303][torch.distributed.distributed_c10d][INFO] - Added key: store_based_barrier_key:1 to store for rank: 0
[2024-01-29 06:38:23,313][torch.distributed.distributed_c10d][INFO] - Added key: store_based_barrier_key:1 to store for rank: 2
[2024-01-29 06:38:23,313][torch.distributed.distributed_c10d][INFO] - Added key: store_based_barrier_key:1 to store for rank: 1
[2024-01-29 06:38:23,313][torch.distributed.distributed_c10d][INFO] - Rank 2: Completed store-based barrier for key:store_based_barrier_key:1 with 4 nodes.
[2024-01-29 06:38:23,313][torch.distributed.distributed_c10d][INFO] - Added key: store_based_barrier_key:1 to store for rank: 3
[2024-01-29 06:38:23,314][torch.distributed.distributed_c10d][INFO] - Rank 1: Completed store-based barrier for key:store_based_barrier_key:1 with 4 nodes.
[2024-01-29 06:38:23,314][torch.distributed.distributed_c10d][INFO] - Rank 3: Completed store-based barrier for key:store_based_barrier_key:1 with 4 nodes.
[2024-01-29 06:38:23,314][torch.distributed.distributed_c10d][INFO] - Rank 0: Completed store-based barrier for key:store_based_barrier_key:1 with 4 nodes.
a100-st-p4de24xlarge-705:1728633:1728633 [0] NCCL INFO Bootstrap : Using ens32:10.200.4.196<0>
a100-st-p4de24xlarge-705:1728633:1728633 [0] NCCL INFO NET/Plugin: Failed to find ncclCollNetPlugin_v6 symbol.
a100-st-p4de24xlarge-705:1728633:1728633 [0] NCCL INFO NET/Plugin: Failed to find ncclCollNetPlugin symbol (v4 or v5).
a100-st-p4de24xlarge-705:1728633:1728633 [0] NCCL INFO cudaDriverVersion 12020
NCCL version 2.16.2+cuda11.8
a100-st-p4de24xlarge-705:1728633:1729042 [0] NCCL INFO NET/OFI Initializing aws-ofi-nccl 1.7.4-aws
a100-st-p4de24xlarge-705:1728633:1729042 [0] NCCL INFO NET/OFI Using CUDA runtime version 12010
a100-st-p4de24xlarge-705:1728633:1729042 [0] NCCL INFO NET/OFI Configuring AWS-specific options
a100-st-p4de24xlarge-705:1728633:1729042 [0] NCCL INFO NET/OFI Setting provider_filter to efa
a100-st-p4de24xlarge-705:1728633:1729042 [0] NCCL INFO NET/OFI Setting FI_EFA_FORK_SAFE environment variable to 1

a100-st-p4de24xlarge-705:1728633:1729042 [0] configure_nvls_option:293 NCCL WARN NET/OFI Could not find ncclGetVersion symbol
a100-st-p4de24xlarge-705:1728633:1729042 [0] NCCL INFO NET/OFI Disabling NVLS support due to NCCL version 0
a100-st-p4de24xlarge-705:1728633:1729042 [0] NCCL INFO NET/OFI Running on p4de.24xlarge platform, Setting NCCL_TOPO_FILE environment variable to /opt/hpcaas/.mounts/fs-0565f60d669b6a2d3/home/akashsharma02/miniforge3/envs/tactile_dexterity/share/aws-ofi-nccl/xml/p4de-24xl-topo.xml
a100-st-p4de24xlarge-705:1728633:1729042 [0] NCCL INFO NET/OFI Internode latency set at 75.0 us
a100-st-p4de24xlarge-705:1728633:1729042 [0] NCCL INFO NET/OFI Selected Provider is efa (found 4 nics)
a100-st-p4de24xlarge-705:1728633:1729042 [0] NCCL INFO NET/OFI Using transport protocol SENDRECV
a100-st-p4de24xlarge-705:1728633:1729042 [0] NCCL INFO NET/OFI Setting FI_OPT_EFA_SENDRECV_IN_ORDER_ALIGNED_128_BYTES not supported.
a100-st-p4de24xlarge-705:1728633:1729042 [0] NCCL INFO NET/OFI Setting NCCL_PROTO to "simple"
a100-st-p4de24xlarge-705:1728633:1729042 [0] NCCL INFO Using network AWS Libfabric
a100-st-p4de24xlarge-705:1728633:1729042 [0] NCCL INFO Setting affinity for GPU 0 to 01
a100-st-p4de24xlarge-705:1728633:1729042 [0] NCCL INFO Channel 00/24 :    0   1   2   3
a100-st-p4de24xlarge-705:1728633:1729042 [0] NCCL INFO Channel 01/24 :    0   1   2   3
a100-st-p4de24xlarge-705:1728633:1729042 [0] NCCL INFO Channel 02/24 :    0   1   2   3
a100-st-p4de24xlarge-705:1728633:1729042 [0] NCCL INFO Channel 03/24 :    0   1   2   3
a100-st-p4de24xlarge-705:1728633:1729042 [0] NCCL INFO Channel 04/24 :    0   1   2   3
a100-st-p4de24xlarge-705:1728633:1729042 [0] NCCL INFO Channel 05/24 :    0   1   2   3
a100-st-p4de24xlarge-705:1728633:1729042 [0] NCCL INFO Channel 06/24 :    0   1   2   3
a100-st-p4de24xlarge-705:1728633:1729042 [0] NCCL INFO Channel 07/24 :    0   1   2   3
a100-st-p4de24xlarge-705:1728633:1729042 [0] NCCL INFO Channel 08/24 :    0   1   2   3
a100-st-p4de24xlarge-705:1728633:1729042 [0] NCCL INFO Channel 09/24 :    0   1   2   3
a100-st-p4de24xlarge-705:1728633:1729042 [0] NCCL INFO Channel 10/24 :    0   1   2   3
a100-st-p4de24xlarge-705:1728633:1729042 [0] NCCL INFO Channel 11/24 :    0   1   2   3
a100-st-p4de24xlarge-705:1728633:1729042 [0] NCCL INFO Channel 12/24 :    0   1   2   3
a100-st-p4de24xlarge-705:1728633:1729042 [0] NCCL INFO Channel 13/24 :    0   1   2   3
a100-st-p4de24xlarge-705:1728633:1729042 [0] NCCL INFO Channel 14/24 :    0   1   2   3
a100-st-p4de24xlarge-705:1728633:1729042 [0] NCCL INFO Channel 15/24 :    0   1   2   3
a100-st-p4de24xlarge-705:1728633:1729042 [0] NCCL INFO Channel 16/24 :    0   1   2   3
a100-st-p4de24xlarge-705:1728633:1729042 [0] NCCL INFO Channel 17/24 :    0   1   2   3
a100-st-p4de24xlarge-705:1728633:1729042 [0] NCCL INFO Channel 18/24 :    0   1   2   3
a100-st-p4de24xlarge-705:1728633:1729042 [0] NCCL INFO Channel 19/24 :    0   1   2   3
a100-st-p4de24xlarge-705:1728633:1729042 [0] NCCL INFO Channel 20/24 :    0   1   2   3
a100-st-p4de24xlarge-705:1728633:1729042 [0] NCCL INFO Channel 21/24 :    0   1   2   3
a100-st-p4de24xlarge-705:1728633:1729042 [0] NCCL INFO Channel 22/24 :    0   1   2   3
a100-st-p4de24xlarge-705:1728633:1729042 [0] NCCL INFO Channel 23/24 :    0   1   2   3
a100-st-p4de24xlarge-705:1728634:1728634 [1] NCCL INFO cudaDriverVersion 12020
a100-st-p4de24xlarge-705:1728634:1728634 [1] NCCL INFO Bootstrap : Using ens32:10.200.4.196<0>
a100-st-p4de24xlarge-705:1728634:1728634 [1] NCCL INFO NET/Plugin: Failed to find ncclCollNetPlugin_v6 symbol.
a100-st-p4de24xlarge-705:1728634:1728634 [1] NCCL INFO NET/Plugin: Failed to find ncclCollNetPlugin symbol (v4 or v5).
a100-st-p4de24xlarge-705:1728634:1729045 [1] NCCL INFO NET/OFI Initializing aws-ofi-nccl 1.7.4-aws
a100-st-p4de24xlarge-705:1728634:1729045 [1] NCCL INFO NET/OFI Using CUDA runtime version 12010
a100-st-p4de24xlarge-705:1728634:1729045 [1] NCCL INFO NET/OFI Configuring AWS-specific options
a100-st-p4de24xlarge-705:1728634:1729045 [1] NCCL INFO NET/OFI Setting provider_filter to efa
a100-st-p4de24xlarge-705:1728634:1729045 [1] NCCL INFO NET/OFI Setting FI_EFA_FORK_SAFE environment variable to 1

a100-st-p4de24xlarge-705:1728634:1729045 [1] configure_nvls_option:293 NCCL WARN NET/OFI Could not find ncclGetVersion symbol
a100-st-p4de24xlarge-705:1728634:1729045 [1] NCCL INFO NET/OFI Disabling NVLS support due to NCCL version 0
a100-st-p4de24xlarge-705:1728634:1729045 [1] NCCL INFO NET/OFI Running on p4de.24xlarge platform, Setting NCCL_TOPO_FILE environment variable to /opt/hpcaas/.mounts/fs-0565f60d669b6a2d3/home/akashsharma02/miniforge3/envs/tactile_dexterity/share/aws-ofi-nccl/xml/p4de-24xl-topo.xml
a100-st-p4de24xlarge-705:1728634:1729045 [1] NCCL INFO NET/OFI Internode latency set at 75.0 us
a100-st-p4de24xlarge-705:1728634:1729045 [1] NCCL INFO NET/OFI Selected Provider is efa (found 4 nics)
a100-st-p4de24xlarge-705:1728634:1729045 [1] NCCL INFO NET/OFI Using transport protocol SENDRECV
a100-st-p4de24xlarge-705:1728634:1729045 [1] NCCL INFO NET/OFI Setting FI_OPT_EFA_SENDRECV_IN_ORDER_ALIGNED_128_BYTES not supported.
a100-st-p4de24xlarge-705:1728634:1729045 [1] NCCL INFO NET/OFI Setting NCCL_PROTO to "simple"
a100-st-p4de24xlarge-705:1728634:1729045 [1] NCCL INFO Using network AWS Libfabric
a100-st-p4de24xlarge-705:1728634:1729045 [1] NCCL INFO Trees [0] 2/-1/-1->1->0 [1] 2/-1/-1->1->0 [2] 2/-1/-1->1->0 [3] 2/-1/-1->1->0 [4] 2/-1/-1->1->0 [5] 2/-1/-1->1->0 [6] 2/-1/-1->1->0 [7] 2/-1/-1->1->0 [8] 2/-1/-1->1->0 [9] 2/-1/-1->1->0 [10] 2/-1/-1->1->0 [11] 2/-1/-1->1->0 [12] 2/-1/-1->1->0 [13] 2/-1/-1->1->0 [14] 2/-1/-1->1->0 [15] 2/-1/-1->1->0 [16] 2/-1/-1->1->0 [17] 2/-1/-1->1->0 [18] 2/-1/-1->1->0 [19] 2/-1/-1->1->0 [20] 2/-1/-1->1->0 [21] 2/-1/-1->1->0 [22] 2/-1/-1->1->0 [23] 2/-1/-1->1->0
a100-st-p4de24xlarge-705:1728634:1729045 [1] NCCL INFO P2P Chunksize set to 524288
a100-st-p4de24xlarge-705:1728634:1729045 [1] NCCL INFO Channel 00/0 : 1[101d0] -> 2[201d0] via P2P/IPC/read
a100-st-p4de24xlarge-705:1728634:1729045 [1] NCCL INFO Channel 01/0 : 1[101d0] -> 2[201d0] via P2P/IPC/read
a100-st-p4de24xlarge-705:1728634:1729045 [1] NCCL INFO Channel 02/0 : 1[101d0] -> 2[201d0] via P2P/IPC/read
a100-st-p4de24xlarge-705:1728634:1729045 [1] NCCL INFO Channel 03/0 : 1[101d0] -> 2[201d0] via P2P/IPC/read
a100-st-p4de24xlarge-705:1728634:1729045 [1] NCCL INFO Channel 04/0 : 1[101d0] -> 2[201d0] via P2P/IPC/read
a100-st-p4de24xlarge-705:1728634:1729045 [1] NCCL INFO Channel 05/0 : 1[101d0] -> 2[201d0] via P2P/IPC/read
a100-st-p4de24xlarge-705:1728634:1729045 [1] NCCL INFO Channel 06/0 : 1[101d0] -> 2[201d0] via P2P/IPC/read
a100-st-p4de24xlarge-705:1728634:1729045 [1] NCCL INFO Channel 07/0 : 1[101d0] -> 2[201d0] via P2P/IPC/read
a100-st-p4de24xlarge-705:1728634:1729045 [1] NCCL INFO Channel 08/0 : 1[101d0] -> 2[201d0] via P2P/IPC/read
a100-st-p4de24xlarge-705:1728634:1729045 [1] NCCL INFO Channel 09/0 : 1[101d0] -> 2[201d0] via P2P/IPC/read
a100-st-p4de24xlarge-705:1728634:1729045 [1] NCCL INFO Channel 10/0 : 1[101d0] -> 2[201d0] via P2P/IPC/read
a100-st-p4de24xlarge-705:1728634:1729045 [1] NCCL INFO Channel 11/0 : 1[101d0] -> 2[201d0] via P2P/IPC/read
a100-st-p4de24xlarge-705:1728634:1729045 [1] NCCL INFO Channel 12/0 : 1[101d0] -> 2[201d0] via P2P/IPC/read
a100-st-p4de24xlarge-705:1728636:1728636 [3] NCCL INFO cudaDriverVersion 12020
a100-st-p4de24xlarge-705:1728636:1728636 [3] NCCL INFO Bootstrap : Using ens32:10.200.4.196<0>
a100-st-p4de24xlarge-705:1728636:1728636 [3] NCCL INFO NET/Plugin: Failed to find ncclCollNetPlugin_v6 symbol.
a100-st-p4de24xlarge-705:1728636:1728636 [3] NCCL INFO NET/Plugin: Failed to find ncclCollNetPlugin symbol (v4 or v5).
a100-st-p4de24xlarge-705:1728636:1729044 [3] NCCL INFO NET/OFI Initializing aws-ofi-nccl 1.7.4-aws
a100-st-p4de24xlarge-705:1728636:1729044 [3] NCCL INFO NET/OFI Using CUDA runtime version 12010
a100-st-p4de24xlarge-705:1728636:1729044 [3] NCCL INFO NET/OFI Configuring AWS-specific options
a100-st-p4de24xlarge-705:1728636:1729044 [3] NCCL INFO NET/OFI Setting provider_filter to efa
a100-st-p4de24xlarge-705:1728636:1729044 [3] NCCL INFO NET/OFI Setting FI_EFA_FORK_SAFE environment variable to 1

a100-st-p4de24xlarge-705:1728636:1729044 [3] configure_nvls_option:293 NCCL WARN NET/OFI Could not find ncclGetVersion symbol
a100-st-p4de24xlarge-705:1728636:1729044 [3] NCCL INFO NET/OFI Disabling NVLS support due to NCCL version 0
a100-st-p4de24xlarge-705:1728636:1729044 [3] NCCL INFO NET/OFI Running on p4de.24xlarge platform, Setting NCCL_TOPO_FILE environment variable to /opt/hpcaas/.mounts/fs-0565f60d669b6a2d3/home/akashsharma02/miniforge3/envs/tactile_dexterity/share/aws-ofi-nccl/xml/p4de-24xl-topo.xml
a100-st-p4de24xlarge-705:1728636:1729044 [3] NCCL INFO NET/OFI Internode latency set at 75.0 us
a100-st-p4de24xlarge-705:1728636:1729044 [3] NCCL INFO NET/OFI Selected Provider is efa (found 4 nics)
a100-st-p4de24xlarge-705:1728636:1729044 [3] NCCL INFO NET/OFI Using transport protocol SENDRECV
a100-st-p4de24xlarge-705:1728636:1729044 [3] NCCL INFO NET/OFI Setting FI_OPT_EFA_SENDRECV_IN_ORDER_ALIGNED_128_BYTES not supported.
a100-st-p4de24xlarge-705:1728636:1729044 [3] NCCL INFO NET/OFI Setting NCCL_PROTO to "simple"
a100-st-p4de24xlarge-705:1728636:1729044 [3] NCCL INFO Using network AWS Libfabric
a100-st-p4de24xlarge-705:1728636:1729044 [3] NCCL INFO Setting affinity for GPU 3 to 0100,00000000,00000000
a100-st-p4de24xlarge-705:1728636:1729044 [3] NCCL INFO Trees [0] -1/-1/-1->3->2 [1] -1/-1/-1->3->2 [2] -1/-1/-1->3->2 [3] -1/-1/-1->3->2 [4] -1/-1/-1->3->2 [5] -1/-1/-1->3->2 [6] -1/-1/-1->3->2 [7] -1/-1/-1->3->2 [8] -1/-1/-1->3->2 [9] -1/-1/-1->3->2 [10] -1/-1/-1->3->2 [11] -1/-1/-1->3->2 [12] -1/-1/-1->3->2 [13] -1/-1/-1->3->2 [14] -1/-1/-1->3->2 [15] -1/-1/-1->3->2 [16] -1/-1/-1->3->2 [17] -1/-1/-1->3->2 [18] -1/-1/-1->3->2 [19] -1/-1/-1->3->2 [20] -1/-1/-1->3->2 [21] -1/-1/-1->3->2 [22] -1/-1/-1->3->2 [23] -1/-1/-1->3->2
a100-st-p4de24xlarge-705:1728636:1729044 [3] NCCL INFO P2P Chunksize set to 524288
a100-st-p4de24xlarge-705:1728636:1729044 [3] NCCL INFO Channel 00/0 : 3[901c0] -> 0[101c0] via P2P/IPC/read
a100-st-p4de24xlarge-705:1728636:1729044 [3] NCCL INFO Channel 01/0 : 3[901c0] -> 0[101c0] via P2P/IPC/read
a100-st-p4de24xlarge-705:1728636:1729044 [3] NCCL INFO Channel 02/0 : 3[901c0] -> 0[101c0] via P2P/IPC/read
a100-st-p4de24xlarge-705:1728636:1729044 [3] NCCL INFO Channel 03/0 : 3[901c0] -> 0[101c0] via P2P/IPC/read
a100-st-p4de24xlarge-705:1728636:1729044 [3] NCCL INFO Channel 04/0 : 3[901c0] -> 0[101c0] via P2P/IPC/read
a100-st-p4de24xlarge-705:1728636:1729044 [3] NCCL INFO Channel 05/0 : 3[901c0] -> 0[101c0] via P2P/IPC/read
a100-st-p4de24xlarge-705:1728636:1729044 [3] NCCL INFO Channel 06/0 : 3[901c0] -> 0[101c0] via P2P/IPC/read
a100-st-p4de24xlarge-705:1728636:1729044 [3] NCCL INFO Channel 07/0 : 3[901c0] -> 0[101c0] via P2P/IPC/read
a100-st-p4de24xlarge-705:1728636:1729044 [3] NCCL INFO Channel 08/0 : 3[901c0] -> 0[101c0] via P2P/IPC/read
a100-st-p4de24xlarge-705:1728636:1729044 [3] NCCL INFO Channel 09/0 : 3[901c0] -> 0[101c0] via P2P/IPC/read
a100-st-p4de24xlarge-705:1728636:1729044 [3] NCCL INFO Channel 10/0 : 3[901c0] -> 0[101c0] via P2P/IPC/read
a100-st-p4de24xlarge-705:1728636:1729044 [3] NCCL INFO Channel 11/0 : 3[901c0] -> 0[101c0] via P2P/IPC/read
a100-st-p4de24xlarge-705:1728635:1728635 [2] NCCL INFO cudaDriverVersion 12020
a100-st-p4de24xlarge-705:1728635:1728635 [2] NCCL INFO Bootstrap : Using ens32:10.200.4.196<0>
a100-st-p4de24xlarge-705:1728635:1728635 [2] NCCL INFO NET/Plugin: Failed to find ncclCollNetPlugin_v6 symbol.
a100-st-p4de24xlarge-705:1728635:1728635 [2] NCCL INFO NET/Plugin: Failed to find ncclCollNetPlugin symbol (v4 or v5).
a100-st-p4de24xlarge-705:1728635:1729043 [2] NCCL INFO NET/OFI Initializing aws-ofi-nccl 1.7.4-aws
a100-st-p4de24xlarge-705:1728635:1729043 [2] NCCL INFO NET/OFI Using CUDA runtime version 12010
a100-st-p4de24xlarge-705:1728635:1729043 [2] NCCL INFO NET/OFI Configuring AWS-specific options
a100-st-p4de24xlarge-705:1728635:1729043 [2] NCCL INFO NET/OFI Setting provider_filter to efa
a100-st-p4de24xlarge-705:1728635:1729043 [2] NCCL INFO NET/OFI Setting FI_EFA_FORK_SAFE environment variable to 1

a100-st-p4de24xlarge-705:1728635:1729043 [2] configure_nvls_option:293 NCCL WARN NET/OFI Could not find ncclGetVersion symbol
a100-st-p4de24xlarge-705:1728635:1729043 [2] NCCL INFO NET/OFI Disabling NVLS support due to NCCL version 0
a100-st-p4de24xlarge-705:1728635:1729043 [2] NCCL INFO NET/OFI Running on p4de.24xlarge platform, Setting NCCL_TOPO_FILE environment variable to /opt/hpcaas/.mounts/fs-0565f60d669b6a2d3/home/akashsharma02/miniforge3/envs/tactile_dexterity/share/aws-ofi-nccl/xml/p4de-24xl-topo.xml
a100-st-p4de24xlarge-705:1728635:1729043 [2] NCCL INFO NET/OFI Internode latency set at 75.0 us
a100-st-p4de24xlarge-705:1728635:1729043 [2] NCCL INFO NET/OFI Selected Provider is efa (found 4 nics)
a100-st-p4de24xlarge-705:1728635:1729043 [2] NCCL INFO NET/OFI Using transport protocol SENDRECV
a100-st-p4de24xlarge-705:1728635:1729043 [2] NCCL INFO NET/OFI Setting FI_OPT_EFA_SENDRECV_IN_ORDER_ALIGNED_128_BYTES not supported.
a100-st-p4de24xlarge-705:1728635:1729043 [2] NCCL INFO NET/OFI Setting NCCL_PROTO to "simple"
a100-st-p4de24xlarge-705:1728635:1729043 [2] NCCL INFO Using network AWS Libfabric
a100-st-p4de24xlarge-705:1728635:1729043 [2] NCCL INFO Setting affinity for GPU 2 to 010000,00000000
a100-st-p4de24xlarge-705:1728635:1729043 [2] NCCL INFO Trees [0] 3/-1/-1->2->1 [1] 3/-1/-1->2->1 [2] 3/-1/-1->2->1 [3] 3/-1/-1->2->1 [4] 3/-1/-1->2->1 [5] 3/-1/-1->2->1 [6] 3/-1/-1->2->1 [7] 3/-1/-1->2->1 [8] 3/-1/-1->2->1 [9] 3/-1/-1->2->1 [10] 3/-1/-1->2->1 [11] 3/-1/-1->2->1 [12] 3/-1/-1->2->1 [13] 3/-1/-1->2->1 [14] 3/-1/-1->2->1 [15] 3/-1/-1->2->1 [16] 3/-1/-1->2->1 [17] 3/-1/-1->2->1 [18] 3/-1/-1->2->1 [19] 3/-1/-1->2->1 [20] 3/-1/-1->2->1 [21] 3/-1/-1->2->1 [22] 3/-1/-1->2->1 [23] 3/-1/-1->2->1
a100-st-p4de24xlarge-705:1728635:1729043 [2] NCCL INFO P2P Chunksize set to 524288
a100-st-p4de24xlarge-705:1728635:1729043 [2] NCCL INFO Channel 00/0 : 2[201d0] -> 3[901c0] via P2P/IPC/read
a100-st-p4de24xlarge-705:1728635:1729043 [2] NCCL INFO Channel 01/0 : 2[201d0] -> 3[901c0] via P2P/IPC/read
a100-st-p4de24xlarge-705:1728635:1729043 [2] NCCL INFO Channel 02/0 : 2[201d0] -> 3[901c0] via P2P/IPC/read
a100-st-p4de24xlarge-705:1728635:1729043 [2] NCCL INFO Channel 03/0 : 2[201d0] -> 3[901c0] via P2P/IPC/read
a100-st-p4de24xlarge-705:1728635:1729043 [2] NCCL INFO Channel 04/0 : 2[201d0] -> 3[901c0] via P2P/IPC/read
a100-st-p4de24xlarge-705:1728635:1729043 [2] NCCL INFO Channel 05/0 : 2[201d0] -> 3[901c0] via P2P/IPC/read
a100-st-p4de24xlarge-705:1728635:1729043 [2] NCCL INFO Channel 06/0 : 2[201d0] -> 3[901c0] via P2P/IPC/read
a100-st-p4de24xlarge-705:1728635:1729043 [2] NCCL INFO Channel 07/0 : 2[201d0] -> 3[901c0] via P2P/IPC/read
a100-st-p4de24xlarge-705:1728635:1729043 [2] NCCL INFO Channel 08/0 : 2[201d0] -> 3[901c0] via P2P/IPC/read
a100-st-p4de24xlarge-705:1728635:1729043 [2] NCCL INFO Channel 09/0 : 2[201d0] -> 3[901c0] via P2P/IPC/read
a100-st-p4de24xlarge-705:1728635:1729043 [2] NCCL INFO Channel 10/0 : 2[201d0] -> 3[901c0] via P2P/IPC/read
a100-st-p4de24xlarge-705:1728635:1729043 [2] NCCL INFO Channel 11/0 : 2[201d0] -> 3[901c0] via P2P/IPC/read
a100-st-p4de24xlarge-705:1728636:1729044 [3] NCCL INFO Channel 12/0 : 3[901c0] -> 0[101c0] via P2P/IPC/read
a100-st-p4de24xlarge-705:1728636:1729044 [3] NCCL INFO Channel 13/0 : 3[901c0] -> 0[101c0] via P2P/IPC/read
a100-st-p4de24xlarge-705:1728636:1729044 [3] NCCL INFO Channel 14/0 : 3[901c0] -> 0[101c0] via P2P/IPC/read
a100-st-p4de24xlarge-705:1728636:1729044 [3] NCCL INFO Channel 15/0 : 3[901c0] -> 0[101c0] via P2P/IPC/read
a100-st-p4de24xlarge-705:1728636:1729044 [3] NCCL INFO Channel 16/0 : 3[901c0] -> 0[101c0] via P2P/IPC/read
a100-st-p4de24xlarge-705:1728636:1729044 [3] NCCL INFO Channel 17/0 : 3[901c0] -> 0[101c0] via P2P/IPC/read
a100-st-p4de24xlarge-705:1728636:1729044 [3] NCCL INFO Channel 18/0 : 3[901c0] -> 0[101c0] via P2P/IPC/read
a100-st-p4de24xlarge-705:1728636:1729044 [3] NCCL INFO Channel 19/0 : 3[901c0] -> 0[101c0] via P2P/IPC/read
a100-st-p4de24xlarge-705:1728636:1729044 [3] NCCL INFO Channel 20/0 : 3[901c0] -> 0[101c0] via P2P/IPC/read
a100-st-p4de24xlarge-705:1728636:1729044 [3] NCCL INFO Channel 21/0 : 3[901c0] -> 0[101c0] via P2P/IPC/read
a100-st-p4de24xlarge-705:1728636:1729044 [3] NCCL INFO Channel 22/0 : 3[901c0] -> 0[101c0] via P2P/IPC/read
a100-st-p4de24xlarge-705:1728636:1729044 [3] NCCL INFO Channel 23/0 : 3[901c0] -> 0[101c0] via P2P/IPC/read
a100-st-p4de24xlarge-705:1728636:1729044 [3] NCCL INFO Connected all rings
a100-st-p4de24xlarge-705:1728636:1729044 [3] NCCL INFO Channel 00/0 : 3[901c0] -> 2[201d0] via P2P/IPC/read
a100-st-p4de24xlarge-705:1728636:1729044 [3] NCCL INFO Channel 01/0 : 3[901c0] -> 2[201d0] via P2P/IPC/read
a100-st-p4de24xlarge-705:1728636:1729044 [3] NCCL INFO Channel 02/0 : 3[901c0] -> 2[201d0] via P2P/IPC/read
a100-st-p4de24xlarge-705:1728636:1729044 [3] NCCL INFO Channel 03/0 : 3[901c0] -> 2[201d0] via P2P/IPC/read
a100-st-p4de24xlarge-705:1728636:1729044 [3] NCCL INFO Channel 04/0 : 3[901c0] -> 2[201d0] via P2P/IPC/read
a100-st-p4de24xlarge-705:1728636:1729044 [3] NCCL INFO Channel 05/0 : 3[901c0] -> 2[201d0] via P2P/IPC/read
a100-st-p4de24xlarge-705:1728636:1729044 [3] NCCL INFO Channel 06/0 : 3[901c0] -> 2[201d0] via P2P/IPC/read
a100-st-p4de24xlarge-705:1728636:1729044 [3] NCCL INFO Channel 07/0 : 3[901c0] -> 2[201d0] via P2P/IPC/read
a100-st-p4de24xlarge-705:1728636:1729044 [3] NCCL INFO Channel 08/0 : 3[901c0] -> 2[201d0] via P2P/IPC/read
a100-st-p4de24xlarge-705:1728636:1729044 [3] NCCL INFO Channel 09/0 : 3[901c0] -> 2[201d0] via P2P/IPC/read
a100-st-p4de24xlarge-705:1728636:1729044 [3] NCCL INFO Channel 10/0 : 3[901c0] -> 2[201d0] via P2P/IPC/read
a100-st-p4de24xlarge-705:1728636:1729044 [3] NCCL INFO Channel 11/0 : 3[901c0] -> 2[201d0] via P2P/IPC/read
a100-st-p4de24xlarge-705:1728636:1729044 [3] NCCL INFO Channel 12/0 : 3[901c0] -> 2[201d0] via P2P/IPC/read
a100-st-p4de24xlarge-705:1728636:1729044 [3] NCCL INFO Channel 13/0 : 3[901c0] -> 2[201d0] via P2P/IPC/read
a100-st-p4de24xlarge-705:1728636:1729044 [3] NCCL INFO Channel 14/0 : 3[901c0] -> 2[201d0] via P2P/IPC/read
a100-st-p4de24xlarge-705:1728636:1729044 [3] NCCL INFO Channel 15/0 : 3[901c0] -> 2[201d0] via P2P/IPC/read
a100-st-p4de24xlarge-705:1728636:1729044 [3] NCCL INFO Channel 16/0 : 3[901c0] -> 2[201d0] via P2P/IPC/read
a100-st-p4de24xlarge-705:1728636:1729044 [3] NCCL INFO Channel 17/0 : 3[901c0] -> 2[201d0] via P2P/IPC/read
a100-st-p4de24xlarge-705:1728636:1729044 [3] NCCL INFO Channel 18/0 : 3[901c0] -> 2[201d0] via P2P/IPC/read
a100-st-p4de24xlarge-705:1728636:1729044 [3] NCCL INFO Channel 19/0 : 3[901c0] -> 2[201d0] via P2P/IPC/read
a100-st-p4de24xlarge-705:1728636:1729044 [3] NCCL INFO Channel 20/0 : 3[901c0] -> 2[201d0] via P2P/IPC/read
a100-st-p4de24xlarge-705:1728636:1729044 [3] NCCL INFO Channel 21/0 : 3[901c0] -> 2[201d0] via P2P/IPC/read
a100-st-p4de24xlarge-705:1728636:1729044 [3] NCCL INFO Channel 22/0 : 3[901c0] -> 2[201d0] via P2P/IPC/read
a100-st-p4de24xlarge-705:1728636:1729044 [3] NCCL INFO Channel 23/0 : 3[901c0] -> 2[201d0] via P2P/IPC/read
a100-st-p4de24xlarge-705:1728636:1729044 [3] NCCL INFO Connected all trees
a100-st-p4de24xlarge-705:1728636:1729044 [3] NCCL INFO threadThresholds 8/8/64 | 32/8/64 | 512 | 512
a100-st-p4de24xlarge-705:1728635:1729043 [2] NCCL INFO Channel 12/0 : 2[201d0] -> 3[901c0] via P2P/IPC/read
a100-st-p4de24xlarge-705:1728635:1729043 [2] NCCL INFO Channel 13/0 : 2[201d0] -> 3[901c0] via P2P/IPC/read
a100-st-p4de24xlarge-705:1728635:1729043 [2] NCCL INFO Channel 14/0 : 2[201d0] -> 3[901c0] via P2P/IPC/read
a100-st-p4de24xlarge-705:1728635:1729043 [2] NCCL INFO Channel 15/0 : 2[201d0] -> 3[901c0] via P2P/IPC/read
a100-st-p4de24xlarge-705:1728635:1729043 [2] NCCL INFO Channel 16/0 : 2[201d0] -> 3[901c0] via P2P/IPC/read
a100-st-p4de24xlarge-705:1728635:1729043 [2] NCCL INFO Channel 17/0 : 2[201d0] -> 3[901c0] via P2P/IPC/read
a100-st-p4de24xlarge-705:1728635:1729043 [2] NCCL INFO Channel 18/0 : 2[201d0] -> 3[901c0] via P2P/IPC/read
a100-st-p4de24xlarge-705:1728635:1729043 [2] NCCL INFO Channel 19/0 : 2[201d0] -> 3[901c0] via P2P/IPC/read
a100-st-p4de24xlarge-705:1728635:1729043 [2] NCCL INFO Channel 20/0 : 2[201d0] -> 3[901c0] via P2P/IPC/read
a100-st-p4de24xlarge-705:1728635:1729043 [2] NCCL INFO Channel 21/0 : 2[201d0] -> 3[901c0] via P2P/IPC/read
a100-st-p4de24xlarge-705:1728635:1729043 [2] NCCL INFO Channel 22/0 : 2[201d0] -> 3[901c0] via P2P/IPC/read
a100-st-p4de24xlarge-705:1728635:1729043 [2] NCCL INFO Channel 23/0 : 2[201d0] -> 3[901c0] via P2P/IPC/read
a100-st-p4de24xlarge-705:1728635:1729043 [2] NCCL INFO Connected all rings
a100-st-p4de24xlarge-705:1728635:1729043 [2] NCCL INFO Channel 00/0 : 2[201d0] -> 1[101d0] via P2P/IPC/read
a100-st-p4de24xlarge-705:1728635:1729043 [2] NCCL INFO Channel 01/0 : 2[201d0] -> 1[101d0] via P2P/IPC/read
a100-st-p4de24xlarge-705:1728635:1729043 [2] NCCL INFO Channel 02/0 : 2[201d0] -> 1[101d0] via P2P/IPC/read
a100-st-p4de24xlarge-705:1728635:1729043 [2] NCCL INFO Channel 03/0 : 2[201d0] -> 1[101d0] via P2P/IPC/read
a100-st-p4de24xlarge-705:1728635:1729043 [2] NCCL INFO Channel 04/0 : 2[201d0] -> 1[101d0] via P2P/IPC/read
a100-st-p4de24xlarge-705:1728635:1729043 [2] NCCL INFO Channel 05/0 : 2[201d0] -> 1[101d0] via P2P/IPC/read
a100-st-p4de24xlarge-705:1728635:1729043 [2] NCCL INFO Channel 06/0 : 2[201d0] -> 1[101d0] via P2P/IPC/read
a100-st-p4de24xlarge-705:1728635:1729043 [2] NCCL INFO Channel 07/0 : 2[201d0] -> 1[101d0] via P2P/IPC/read
a100-st-p4de24xlarge-705:1728635:1729043 [2] NCCL INFO Channel 08/0 : 2[201d0] -> 1[101d0] via P2P/IPC/read
a100-st-p4de24xlarge-705:1728635:1729043 [2] NCCL INFO Channel 09/0 : 2[201d0] -> 1[101d0] via P2P/IPC/read
a100-st-p4de24xlarge-705:1728635:1729043 [2] NCCL INFO Channel 10/0 : 2[201d0] -> 1[101d0] via P2P/IPC/read
a100-st-p4de24xlarge-705:1728635:1729043 [2] NCCL INFO Channel 11/0 : 2[201d0] -> 1[101d0] via P2P/IPC/read
a100-st-p4de24xlarge-705:1728635:1729043 [2] NCCL INFO Channel 12/0 : 2[201d0] -> 1[101d0] via P2P/IPC/read
a100-st-p4de24xlarge-705:1728635:1729043 [2] NCCL INFO Channel 13/0 : 2[201d0] -> 1[101d0] via P2P/IPC/read
a100-st-p4de24xlarge-705:1728635:1729043 [2] NCCL INFO Channel 14/0 : 2[201d0] -> 1[101d0] via P2P/IPC/read
a100-st-p4de24xlarge-705:1728635:1729043 [2] NCCL INFO Channel 15/0 : 2[201d0] -> 1[101d0] via P2P/IPC/read
a100-st-p4de24xlarge-705:1728635:1729043 [2] NCCL INFO Channel 16/0 : 2[201d0] -> 1[101d0] via P2P/IPC/read
a100-st-p4de24xlarge-705:1728635:1729043 [2] NCCL INFO Channel 17/0 : 2[201d0] -> 1[101d0] via P2P/IPC/read
a100-st-p4de24xlarge-705:1728635:1729043 [2] NCCL INFO Channel 18/0 : 2[201d0] -> 1[101d0] via P2P/IPC/read
a100-st-p4de24xlarge-705:1728635:1729043 [2] NCCL INFO Channel 19/0 : 2[201d0] -> 1[101d0] via P2P/IPC/read
a100-st-p4de24xlarge-705:1728635:1729043 [2] NCCL INFO Channel 20/0 : 2[201d0] -> 1[101d0] via P2P/IPC/read
a100-st-p4de24xlarge-705:1728635:1729043 [2] NCCL INFO Channel 21/0 : 2[201d0] -> 1[101d0] via P2P/IPC/read
a100-st-p4de24xlarge-705:1728635:1729043 [2] NCCL INFO Channel 22/0 : 2[201d0] -> 1[101d0] via P2P/IPC/read
a100-st-p4de24xlarge-705:1728635:1729043 [2] NCCL INFO Channel 23/0 : 2[201d0] -> 1[101d0] via P2P/IPC/read
a100-st-p4de24xlarge-705:1728635:1729043 [2] NCCL INFO Connected all trees
a100-st-p4de24xlarge-705:1728635:1729043 [2] NCCL INFO threadThresholds 8/8/64 | 32/8/64 | 512 | 512
a100-st-p4de24xlarge-705:1728634:1729045 [1] NCCL INFO Channel 13/0 : 1[101d0] -> 2[201d0] via P2P/IPC/read
a100-st-p4de24xlarge-705:1728634:1729045 [1] NCCL INFO Channel 14/0 : 1[101d0] -> 2[201d0] via P2P/IPC/read
a100-st-p4de24xlarge-705:1728634:1729045 [1] NCCL INFO Channel 15/0 : 1[101d0] -> 2[201d0] via P2P/IPC/read
a100-st-p4de24xlarge-705:1728634:1729045 [1] NCCL INFO Channel 16/0 : 1[101d0] -> 2[201d0] via P2P/IPC/read
a100-st-p4de24xlarge-705:1728634:1729045 [1] NCCL INFO Channel 17/0 : 1[101d0] -> 2[201d0] via P2P/IPC/read
a100-st-p4de24xlarge-705:1728634:1729045 [1] NCCL INFO Channel 18/0 : 1[101d0] -> 2[201d0] via P2P/IPC/read
a100-st-p4de24xlarge-705:1728634:1729045 [1] NCCL INFO Channel 19/0 : 1[101d0] -> 2[201d0] via P2P/IPC/read
a100-st-p4de24xlarge-705:1728634:1729045 [1] NCCL INFO Channel 20/0 : 1[101d0] -> 2[201d0] via P2P/IPC/read
a100-st-p4de24xlarge-705:1728634:1729045 [1] NCCL INFO Channel 21/0 : 1[101d0] -> 2[201d0] via P2P/IPC/read
a100-st-p4de24xlarge-705:1728634:1729045 [1] NCCL INFO Channel 22/0 : 1[101d0] -> 2[201d0] via P2P/IPC/read
a100-st-p4de24xlarge-705:1728634:1729045 [1] NCCL INFO Channel 23/0 : 1[101d0] -> 2[201d0] via P2P/IPC/read
a100-st-p4de24xlarge-705:1728634:1729045 [1] NCCL INFO Connected all rings
a100-st-p4de24xlarge-705:1728634:1729045 [1] NCCL INFO Channel 00/0 : 1[101d0] -> 0[101c0] via P2P/IPC/read
a100-st-p4de24xlarge-705:1728634:1729045 [1] NCCL INFO Channel 01/0 : 1[101d0] -> 0[101c0] via P2P/IPC/read
a100-st-p4de24xlarge-705:1728634:1729045 [1] NCCL INFO Channel 02/0 : 1[101d0] -> 0[101c0] via P2P/IPC/read
a100-st-p4de24xlarge-705:1728634:1729045 [1] NCCL INFO Channel 03/0 : 1[101d0] -> 0[101c0] via P2P/IPC/read
a100-st-p4de24xlarge-705:1728634:1729045 [1] NCCL INFO Channel 04/0 : 1[101d0] -> 0[101c0] via P2P/IPC/read
a100-st-p4de24xlarge-705:1728634:1729045 [1] NCCL INFO Channel 05/0 : 1[101d0] -> 0[101c0] via P2P/IPC/read
a100-st-p4de24xlarge-705:1728634:1729045 [1] NCCL INFO Channel 06/0 : 1[101d0] -> 0[101c0] via P2P/IPC/read
a100-st-p4de24xlarge-705:1728634:1729045 [1] NCCL INFO Channel 07/0 : 1[101d0] -> 0[101c0] via P2P/IPC/read
a100-st-p4de24xlarge-705:1728634:1729045 [1] NCCL INFO Channel 08/0 : 1[101d0] -> 0[101c0] via P2P/IPC/read
a100-st-p4de24xlarge-705:1728634:1729045 [1] NCCL INFO Channel 09/0 : 1[101d0] -> 0[101c0] via P2P/IPC/read
a100-st-p4de24xlarge-705:1728634:1729045 [1] NCCL INFO Channel 10/0 : 1[101d0] -> 0[101c0] via P2P/IPC/read
a100-st-p4de24xlarge-705:1728634:1729045 [1] NCCL INFO Channel 11/0 : 1[101d0] -> 0[101c0] via P2P/IPC/read
a100-st-p4de24xlarge-705:1728634:1729045 [1] NCCL INFO Channel 12/0 : 1[101d0] -> 0[101c0] via P2P/IPC/read
a100-st-p4de24xlarge-705:1728634:1729045 [1] NCCL INFO Channel 13/0 : 1[101d0] -> 0[101c0] via P2P/IPC/read
a100-st-p4de24xlarge-705:1728634:1729045 [1] NCCL INFO Channel 14/0 : 1[101d0] -> 0[101c0] via P2P/IPC/read
a100-st-p4de24xlarge-705:1728634:1729045 [1] NCCL INFO Channel 15/0 : 1[101d0] -> 0[101c0] via P2P/IPC/read
a100-st-p4de24xlarge-705:1728634:1729045 [1] NCCL INFO Channel 16/0 : 1[101d0] -> 0[101c0] via P2P/IPC/read
a100-st-p4de24xlarge-705:1728634:1729045 [1] NCCL INFO Channel 17/0 : 1[101d0] -> 0[101c0] via P2P/IPC/read
a100-st-p4de24xlarge-705:1728634:1729045 [1] NCCL INFO Channel 18/0 : 1[101d0] -> 0[101c0] via P2P/IPC/read
a100-st-p4de24xlarge-705:1728634:1729045 [1] NCCL INFO Channel 19/0 : 1[101d0] -> 0[101c0] via P2P/IPC/read
a100-st-p4de24xlarge-705:1728634:1729045 [1] NCCL INFO Channel 20/0 : 1[101d0] -> 0[101c0] via P2P/IPC/read
a100-st-p4de24xlarge-705:1728634:1729045 [1] NCCL INFO Channel 21/0 : 1[101d0] -> 0[101c0] via P2P/IPC/read
a100-st-p4de24xlarge-705:1728634:1729045 [1] NCCL INFO Channel 22/0 : 1[101d0] -> 0[101c0] via P2P/IPC/read
a100-st-p4de24xlarge-705:1728634:1729045 [1] NCCL INFO Channel 23/0 : 1[101d0] -> 0[101c0] via P2P/IPC/read
a100-st-p4de24xlarge-705:1728634:1729045 [1] NCCL INFO Connected all trees
a100-st-p4de24xlarge-705:1728634:1729045 [1] NCCL INFO threadThresholds 8/8/64 | 32/8/64 | 512 | 512
a100-st-p4de24xlarge-705:1728634:1729045 [1] NCCL INFO 24 coll channels, 32 p2p channels, 32 p2p channels per peer
a100-st-p4de24xlarge-705:17train_loss: 4.0363688468933105
[2024-01-29 06:39:35,037][torch.nn.parallel.distributed][INFO] - Reducer buckets have been rebuilt in this iteration.
a100-st-p4de24xlarge-705:1728635:1729043 train_loss: 4.0342116355896
[2024-01-29 06:39:35,037][torch.nn.parallel.distributed][INFO] - Reducer buckets have been rebuilt in this iteration.
a100-st-p4train_loss: 4.043527126312256
[2024-01-29 06:39:35,037][torch.nn.parallel.distributed][INFO] - Reducer buckets have been rebuilt in this iteration.
a100-st-p4de24xlarge-705:1728633:1729042 [0] NCCL INFO Trees [0] 1/-1/-1->0->-1 [1] 1/-1/-1->0->-1 [2] 1/-1/-1->0->-1 [3] 1/-1/-1->0->-1 [4] 1/-1/-1->0->-1 [5] 1/-1/-1->0->-1 [6] 1/-1/-1->0->-1 [7] 1/-1/-1->0->-1 [8] 1/-1/-1->0->-1 [9] 1/-1/-1->0->-1 [10] 1/-1/-1->0->-1 [11]train_loss: 4.036568641662598
[2024-01-29 06:39:35,037][torch.nn.parallel.distributed][INFO] - Reducer buckets have been rebuilt in this iteration.
train_loss: 5.7819744348526
train_loss: 7.27782130241394
train_loss: 8.730356931686401
train_loss: 10.191066145896912
train_loss: 11.74476957321167
train_loss: 13.277140736579895
train_loss: 14.809852600097656
train_loss: 16.339938521385193
train_loss: 17.827683448791504
train_loss: 19.281003713607788
train_loss: 20.68319594860077
train_loss: 22.03868305683136
train_loss: 23.32387340068817
[2] NCCL INFO 24 coll channels, 32 p2p channels, 32 p2p channels per peer
a100-st-p4de24xlarge-705:1728635:1729043 [2] NCCL INFO comm 0x55c6de756620 rank 2 nranks 4 cudaDev 2 busId 201d0 commId 0x4ecafafc3d04e5cd - Init COMPLETE
train_loss: 5.79129695892334
train_loss: 7.2881704568862915
train_loss: 8.737430810928345
train_loss: 10.199749112129211
train_loss: 11.748889088630676
train_loss: 13.273271799087524
train_loss: 14.80820608139038
train_loss: 16.33574616909027
train_loss: 17.82562017440796
train_loss: 19.281152963638306
train_loss: 20.673464059829712
train_loss: 22.021857142448425
train_loss: 23.303434014320374
de24xlarge-705:1728636:1729044 [3] NCCL INFO 24 coll channels, 32 p2p channels, 32 p2p channels per peer
a100-st-p4de24xlarge-705:1728636:1729044 [3] NCCL INFO comm 0x56134ce81fa0 rank 3 nranks 4 cudaDev 3 busId 901c0 commId 0x4ecafafc3d04e5cd - Init COMPLETE
train_loss: 5.782970070838928
train_loss: 7.279312372207642
train_loss: 8.728354811668396
train_loss: 10.18920087814331
train_loss: 11.739580869674683
train_loss: 13.26520299911499
train_loss: 14.791639685630798
train_loss: 16.321707248687744
train_loss: 17.812862873077393
train_loss: 19.268239378929138
train_loss: 20.668240904808044
train_loss: 22.02166199684143
train_loss: 23.30470645427704
28634:1729045 [1] NCCL INFO comm 0x55bc9458ba90 rank 1 nranks 4 cudaDev 1 busId 101d0 commId 0x4ecafafc3d04e5cd - Init COMPLETE
 1/-1/-1->0->-1 [12] 1/-1/-1->0->-1 [13] 1/-1/-1->0->-1 [14] 1/-1/-1->0->-1 [15] 1/-1/-1->0->-1 [16] 1/-1/-1->0->-1 [17] 1/-1/-1->0->-1 [18] 1/-1/-1->0->-1 [19] 1/-1/-1->0->-1 [20] 1/-1/-1->0->-1 [21] 1/-1/-1->0->-1 [22] 1/-1/-1->0->-1 [23] 1/-1/-1->0->-1
a100-st-p4de24xlarge-705:1728633:1729042 [0] NCCL INFO P2P Chunksize set to 524288
a100-st-p4de24xlarge-705:1728633:1729042 [0] NCCL INFO Channel 00/0 : 0[101c0] -> 1[101d0] via P2P/IPC/read
a100-st-p4de24xlarge-705:1728633:1729042 [0] NCCL INFO Channel 01/0 : 0[101c0] -> 1[101d0] via P2P/IPC/read
a100-st-p4de24xlarge-705:1728633:1729042 [0] NCCL INFO Channel 02/0 : 0[101c0] -> 1[101d0] via P2P/IPC/read
a100-st-p4de24xlarge-705:1728633:1729042 [0] NCCL INFO Channel 03/0 : 0[101c0] -> 1[101d0] via P2P/IPC/read
a100-st-p4de24xlarge-705:1728633:1729042 [0] NCCL INFO Channel 04/0 : 0[101c0] -> 1[101d0] via P2P/IPC/read
a100-st-p4de24xlarge-705:1728633:1729042 [0] NCCL INFO Channel 05/0 : 0[101c0] -> 1[101d0] via P2P/IPC/read
a100-st-p4de24xlarge-705:1728633:1729042 [0] NCCL INFO Channel 06/0 : 0[101c0] -> 1[101d0] via P2P/IPC/read
a100-st-p4de24xlarge-705:1728633:1729042 [0] NCCL INFO Channel 07/0 : 0[101c0] -> 1[101d0] via P2P/IPC/read
a100-st-p4de24xlarge-705:1728633:1729042 [0] NCCL INFO Channel 08/0 : 0[101c0] -> 1[101d0] via P2P/IPC/read
a100-st-p4de24xlarge-705:1728633:1729042 [0] NCCL INFO Channel 09/0 : 0[101c0] -> 1[101d0] via P2P/IPC/read
a100-st-p4de24xlarge-705:1728633:1729042 [0] NCCL INFO Channel 10/0 : 0[101c0] -> 1[101d0] via P2P/IPC/read
a100-st-p4de24xlarge-705:1728633:1729042 [0] NCCL INFO Channel 11/0 : 0[101c0] -> 1[101d0] via P2P/IPC/read
a100-st-p4de24xlarge-705:1728633:1729042 [0] NCCL INFO Channel 12/0 : 0[101c0] -> 1[101d0] via P2P/IPC/read
a100-st-p4de24xlarge-705:1728633:1729042 [0] NCCL INFO Channel 13/0 : 0[101c0] -> 1[101d0] via P2P/IPC/read
a100-st-p4de24xlarge-705:1728633:1729042 [0] NCCL INFO Channel 14/0 : 0[101c0] -> 1[101d0] via P2P/IPC/read
a100-st-p4de24xlarge-705:1728633:1729042 [0] NCCL INFO Channel 15/0 : 0[101c0] -> 1[101d0] via P2P/IPC/read
a100-st-p4de24xlarge-705:1728633:1729042 [0] NCCL INFO Channel 16/0 : 0[101c0] -> 1[101d0] via P2P/IPC/read
a100-st-p4de24xlarge-705:1728633:1729042 [0] NCCL INFO Channel 17/0 : 0[101c0] -> 1[101d0] via P2P/IPC/read
a100-st-p4de24xlarge-705:1728633:1729042 [0] NCCL INFO Channel 18/0 : 0[101c0] -> 1[101d0] via P2P/IPC/read
a100-st-p4de24xlarge-705:1728633:1729042 [0] NCCL INFO Channel 19/0 : 0[101c0] -> 1[101d0] via P2P/IPC/read
a100-st-p4de24xlarge-705:1728633:1729042 [0] NCCL INFO Channel 20/0 : 0[101c0] -> 1[101d0] via P2P/IPC/read
a100-st-p4de24xlarge-705:1728633:1729042 [0] NCCL INFO Channel 21/0 : 0[101c0] -> 1[101d0] via P2P/IPC/read
a100-st-p4de24xlarge-705:1728633:1729042 [0] NCCL INFO Channel 22/0 : 0[101c0] -> 1[101d0] via P2P/IPC/read
a100-st-p4de24xlarge-705:1728633:1729042 [0] NCCL INFO Channel 23/0 : 0[101c0] -> 1[101d0] via P2P/IPC/read
a100-st-p4de24xlarge-705:1728633:1729042 [0] NCCL INFO Connected all rings
a100-st-p4de24xlarge-705:1728633:1729042 [0] NCCL INFO Connected all trees
a100-st-p4de24xlarge-705:1728633:1729042 [0] NCCL INFO threadThresholds 8/8/64 | 32/8/64 | 512 | 512
a100-st-p4de24xlarge-705:1728633:1729042 [0] NCCL INFO 24 coll channels, 32 p2p channels, 32 p2p channels per peer
a100-st-p4de24xlarge-705:1728633:1729042 [0] NCCL INFO comm 0x564687711570 rank 0 nranks 4 cudaDev 0 busId 101c0 commId 0x4ecafafc3d04e5cd - Init COMPLETE
train_loss: 5.788049817085266
train_loss: 7.284958720207214
train_loss: 8.733827590942383
train_loss: 10.193538308143616
train_loss: 11.740495562553406
train_loss: 13.263476133346558
train_loss: 14.790224075317383
train_loss: 16.32014000415802
train_loss: 17.80779230594635
train_loss: 19.259487628936768
train_loss: 20.656238079071045
train_loss: 22.005114197731018
train_loss: 23.285792231559753
